#
# There is insufficient memory for the Java Runtime Environment to continue.
# Native memory allocation (malloc) failed to allocate 560336 bytes. Error detail: Chunk::new
# Possible reasons:
#   The system is out of physical RAM or swap space
#   This process is running with CompressedOops enabled, and the Java Heap may be blocking the growth of the native heap
# Possible solutions:
#   Reduce memory load on the system
#   Increase physical memory or swap space
#   Check if swap backing store is full
#   Decrease Java heap size (-Xmx/-Xms)
#   Decrease number of Java threads
#   Decrease Java thread stack sizes (-Xss)
#   Set larger code cache with -XX:ReservedCodeCacheSize=
#   JVM is running with Unscaled Compressed Oops mode in which the Java heap is
#     placed in the first 4GB address space. The Java Heap base address is the
#     maximum limit for the native heap growth. Please use -XX:HeapBaseMinAddress
#     to set the Java Heap base and to place the Java Heap above 4GB virtual address.
# This output file may be truncated or incomplete.
#
#  Out of Memory Error (arena.cpp:168), pid=137288, tid=143720
#
# JRE version: OpenJDK Runtime Environment Temurin-21.0.7+6 (21.0.7+6) (build 21.0.7+6-LTS)
# Java VM: OpenJDK 64-Bit Server VM Temurin-21.0.7+6 (21.0.7+6-LTS, mixed mode, sharing, tiered, compressed oops, compressed class ptrs, parallel gc, windows-amd64)
# No core dump will be written. Minidumps are not enabled by default on client versions of Windows
#

---------------  S U M M A R Y ------------

Command Line: --add-modules=ALL-SYSTEM --add-opens=java.base/java.util=ALL-UNNAMED --add-opens=java.base/java.lang=ALL-UNNAMED --add-opens=java.base/sun.nio.fs=ALL-UNNAMED -Declipse.application=org.eclipse.jdt.ls.core.id1 -Dosgi.bundles.defaultStartLevel=4 -Declipse.product=org.eclipse.jdt.ls.core.product -Djava.import.generatesMetadataFilesAtProjectRoot=false -DDetectVMInstallationsJob.disabled=true -Dfile.encoding=utf8 -XX:+UseParallelGC -XX:GCTimeRatio=4 -XX:AdaptiveSizePolicyWeight=90 -Dsun.zip.disableMemoryMapping=true -Xmx1G -Xms100m -Xlog:disable -javaagent:c:\Users\86132\.trae\extensions\redhat.java-1.42.0-win32-x64\lombok\lombok-1.18.36.jar -XX:+HeapDumpOnOutOfMemoryError -XX:HeapDumpPath=c:\Users\86132\AppData\Roaming\Trae\User\workspaceStorage\69ab96e95062cad7a1d354ab2484e62f\redhat.java -Daether.dependencyCollector.impl=bf c:\Users\86132\.trae\extensions\redhat.java-1.42.0-win32-x64\server\plugins\org.eclipse.equinox.launcher_1.7.0.v20250424-1814.jar -configuration c:\Users\86132\AppData\Roaming\Trae\User\globalStorage\redhat.java\1.42.0\config_win -data c:\Users\86132\AppData\Roaming\Trae\User\workspaceStorage\69ab96e95062cad7a1d354ab2484e62f\redhat.java\jdt_ws --pipe=\\.\pipe\lsp-866364ac360eb37dbd33c9712706d6e1-sock

Host: 12th Gen Intel(R) Core(TM) i9-12900H, 20 cores, 31G,  Windows 11 , 64 bit Build 22621 (10.0.22621.5415)
Time: Mon Jun 16 16:42:40 2025  Windows 11 , 64 bit Build 22621 (10.0.22621.5415) elapsed time: 7.202192 seconds (0d 0h 0m 7s)

---------------  T H R E A D  ---------------

Current thread (0x000001ae73f9aa50):  JavaThread "C2 CompilerThread2" daemon [_thread_in_native, id=143720, stack(0x0000009309900000,0x0000009309a00000) (1024K)]


Current CompileTask:
C2:7202 4991       4       sun.nio.cs.StreamDecoder::lockedRead (189 bytes)

Stack: [0x0000009309900000,0x0000009309a00000]
Native frames: (J=compiled Java code, j=interpreted, Vv=VM code, C=native code)
V  [jvm.dll+0x6ce119]
V  [jvm.dll+0x8a84a1]
V  [jvm.dll+0x8aa9ce]
V  [jvm.dll+0x8ab0b3]
V  [jvm.dll+0x27f8a6]
V  [jvm.dll+0xc507d]
V  [jvm.dll+0xc55b3]
V  [jvm.dll+0x3b68f2]
V  [jvm.dll+0x382aa5]
V  [jvm.dll+0x381f0a]
V  [jvm.dll+0x247af0]
V  [jvm.dll+0x2470cf]
V  [jvm.dll+0x1c760e]
V  [jvm.dll+0x25695a]
V  [jvm.dll+0x254efa]
V  [jvm.dll+0x3f03f6]
V  [jvm.dll+0x851f6b]
V  [jvm.dll+0x6cc7dd]
C  [ucrtbase.dll+0x29333]
C  [KERNEL32.DLL+0x1259d]
C  [ntdll.dll+0x5af78]


---------------  P R O C E S S  ---------------

Threads class SMR info:
_java_thread_list=0x000001ae7eef08c0, length=35, elements={
0x000001ae1b09cac0, 0x000001ae3190e720, 0x000001ae73e9bf60, 0x000001ae73e9ee80,
0x000001ae73ea02d0, 0x000001ae73ea97e0, 0x000001ae1d5c08c0, 0x000001ae1d5c3840,
0x000001ae1d5cabc0, 0x000001ae73f5c640, 0x000001ae73f91a60, 0x000001ae73f9a380,
0x000001ae73f98f10, 0x000001ae7a064f00, 0x000001ae7a43f620, 0x000001ae7a4be6e0,
0x000001ae7a9574a0, 0x000001ae7adf9e00, 0x000001ae7b058710, 0x000001ae7af04490,
0x000001ae7afbe030, 0x000001ae7a85ffe0, 0x000001ae7a860670, 0x000001ae7a862740,
0x000001ae7a861a20, 0x000001ae73f995e0, 0x000001ae73f9aa50, 0x000001ae7a8620b0,
0x000001ae73f98170, 0x000001ae7a860d00, 0x000001ae73f9b7f0, 0x000001ae73f9b120,
0x000001ae73f98840, 0x000001ae73f99cb0, 0x000001ae7a863460
}

Java Threads: ( => current thread )
  0x000001ae1b09cac0 JavaThread "main"                              [_thread_blocked, id=141540, stack(0x0000009306e00000,0x0000009306f00000) (1024K)]
  0x000001ae3190e720 JavaThread "Reference Handler"          daemon [_thread_blocked, id=144176, stack(0x0000009307200000,0x0000009307300000) (1024K)]
  0x000001ae73e9bf60 JavaThread "Finalizer"                  daemon [_thread_blocked, id=45008, stack(0x0000009307300000,0x0000009307400000) (1024K)]
  0x000001ae73e9ee80 JavaThread "Signal Dispatcher"          daemon [_thread_blocked, id=132364, stack(0x0000009307400000,0x0000009307500000) (1024K)]
  0x000001ae73ea02d0 JavaThread "Attach Listener"            daemon [_thread_blocked, id=115120, stack(0x0000009307500000,0x0000009307600000) (1024K)]
  0x000001ae73ea97e0 JavaThread "Service Thread"             daemon [_thread_blocked, id=150292, stack(0x0000009307600000,0x0000009307700000) (1024K)]
  0x000001ae1d5c08c0 JavaThread "Monitor Deflation Thread"   daemon [_thread_blocked, id=100096, stack(0x0000009307700000,0x0000009307800000) (1024K)]
  0x000001ae1d5c3840 JavaThread "C2 CompilerThread0"         daemon [_thread_in_native, id=145784, stack(0x0000009307800000,0x0000009307900000) (1024K)]
  0x000001ae1d5cabc0 JavaThread "C1 CompilerThread0"         daemon [_thread_blocked, id=137404, stack(0x0000009307900000,0x0000009307a00000) (1024K)]
  0x000001ae73f5c640 JavaThread "Common-Cleaner"             daemon [_thread_blocked, id=151104, stack(0x0000009307a00000,0x0000009307b00000) (1024K)]
  0x000001ae73f91a60 JavaThread "C1 CompilerThread1"         daemon [_thread_in_native, id=150144, stack(0x0000009307b00000,0x0000009307c00000) (1024K)]
  0x000001ae73f9a380 JavaThread "C1 CompilerThread2"         daemon [_thread_blocked, id=71608, stack(0x0000009307c00000,0x0000009307d00000) (1024K)]
  0x000001ae73f98f10 JavaThread "C1 CompilerThread3"         daemon [_thread_blocked, id=24868, stack(0x0000009307d00000,0x0000009307e00000) (1024K)]
  0x000001ae7a064f00 JavaThread "Notification Thread"        daemon [_thread_blocked, id=152240, stack(0x0000009307f00000,0x0000009308000000) (1024K)]
  0x000001ae7a43f620 JavaThread "Active Thread: Equinox Container: b5036eee-2e85-4793-be0d-0502bc969d39"        [_thread_blocked, id=45076, stack(0x0000009308800000,0x0000009308900000) (1024K)]
  0x000001ae7a4be6e0 JavaThread "Refresh Thread: Equinox Container: b5036eee-2e85-4793-be0d-0502bc969d39" daemon [_thread_blocked, id=149696, stack(0x0000009308a00000,0x0000009308b00000) (1024K)]
  0x000001ae7a9574a0 JavaThread "Framework Event Dispatcher: Equinox Container: b5036eee-2e85-4793-be0d-0502bc969d39" daemon [_thread_blocked, id=139652, stack(0x0000009308b00000,0x0000009308c00000) (1024K)]
  0x000001ae7adf9e00 JavaThread "Start Level: Equinox Container: b5036eee-2e85-4793-be0d-0502bc969d39" daemon [_thread_blocked, id=146740, stack(0x0000009308c00000,0x0000009308d00000) (1024K)]
  0x000001ae7b058710 JavaThread "Bundle File Closer"         daemon [_thread_blocked, id=124208, stack(0x0000009309000000,0x0000009309100000) (1024K)]
  0x000001ae7af04490 JavaThread "SCR Component Actor"        daemon [_thread_blocked, id=149648, stack(0x0000009308700000,0x0000009308800000) (1024K)]
  0x000001ae7afbe030 JavaThread "SCR Component Registry"     daemon [_thread_blocked, id=140484, stack(0x0000009309100000,0x0000009309200000) (1024K)]
  0x000001ae7a85ffe0 JavaThread "Worker-JM"                         [_thread_blocked, id=123132, stack(0x0000009307e00000,0x0000009307f00000) (1024K)]
  0x000001ae7a860670 JavaThread "JNA Cleaner"                daemon [_thread_blocked, id=103084, stack(0x0000009309500000,0x0000009309600000) (1024K)]
  0x000001ae7a862740 JavaThread "Worker-0: Repository registry initialization"        [_thread_in_native, id=151384, stack(0x0000009309600000,0x0000009309700000) (1024K)]
  0x000001ae7a861a20 JavaThread "Worker-1: Loading available Gradle versions"        [_thread_in_vm, id=145868, stack(0x0000009309700000,0x0000009309800000) (1024K)]
  0x000001ae73f995e0 JavaThread "C2 CompilerThread1"         daemon [_thread_in_native, id=149580, stack(0x0000009309800000,0x0000009309900000) (1024K)]
=>0x000001ae73f9aa50 JavaThread "C2 CompilerThread2"         daemon [_thread_in_native, id=143720, stack(0x0000009309900000,0x0000009309a00000) (1024K)]
  0x000001ae7a8620b0 JavaThread "Java indexing"              daemon [_thread_blocked, id=151160, stack(0x0000009309a00000,0x0000009309b00000) (1024K)]
  0x000001ae73f98170 JavaThread "C2 CompilerThread3"         daemon [_thread_in_native, id=75992, stack(0x0000009309b00000,0x0000009309c00000) (1024K)]
  0x000001ae7a860d00 JavaThread "Worker-2: Initialize After Load"        [_thread_in_Java, id=144680, stack(0x0000009309c00000,0x0000009309d00000) (1024K)]
  0x000001ae73f9b7f0 JavaThread "C2 CompilerThread4"         daemon [_thread_in_native, id=140136, stack(0x0000009309d00000,0x0000009309e00000) (1024K)]
  0x000001ae73f9b120 JavaThread "C2 CompilerThread5"         daemon [_thread_in_native, id=143168, stack(0x0000009309e00000,0x0000009309f00000) (1024K)]
  0x000001ae73f98840 JavaThread "C2 CompilerThread6"         daemon [_thread_in_native, id=146544, stack(0x0000009309f00000,0x000000930a000000) (1024K)]
  0x000001ae73f99cb0 JavaThread "C2 CompilerThread7"         daemon [_thread_in_native, id=129432, stack(0x000000930a000000,0x000000930a100000) (1024K)]
  0x000001ae7a863460 JavaThread "Worker-3"                          [_thread_blocked, id=146512, stack(0x000000930a100000,0x000000930a200000) (1024K)]
Total: 35

Other Threads:
  0x000001ae73e96030 VMThread "VM Thread"                           [id=137668, stack(0x0000009307100000,0x0000009307200000) (1024K)]
  0x000001ae1d58d500 WatcherThread "VM Periodic Task Thread"        [id=34884, stack(0x0000009307000000,0x0000009307100000) (1024K)]
  0x000001ae1d540710 WorkerThread "GC Thread#0"                     [id=150684, stack(0x0000009306f00000,0x0000009307000000) (1024K)]
  0x000001ae7a592070 WorkerThread "GC Thread#1"                     [id=143156, stack(0x0000009308100000,0x0000009308200000) (1024K)]
  0x000001ae7a447560 WorkerThread "GC Thread#2"                     [id=147520, stack(0x0000009308200000,0x0000009308300000) (1024K)]
  0x000001ae7a6c50b0 WorkerThread "GC Thread#3"                     [id=142764, stack(0x0000009308300000,0x0000009308400000) (1024K)]
  0x000001ae7a6c5450 WorkerThread "GC Thread#4"                     [id=137272, stack(0x0000009308400000,0x0000009308500000) (1024K)]
  0x000001ae7a6c57f0 WorkerThread "GC Thread#5"                     [id=127612, stack(0x0000009308500000,0x0000009308600000) (1024K)]
  0x000001ae7a442d20 WorkerThread "GC Thread#6"                     [id=149620, stack(0x0000009308600000,0x0000009308700000) (1024K)]
  0x000001ae7a9da320 WorkerThread "GC Thread#7"                     [id=151216, stack(0x0000009308900000,0x0000009308a00000) (1024K)]
  0x000001ae7ae86500 WorkerThread "GC Thread#8"                     [id=140280, stack(0x0000009308d00000,0x0000009308e00000) (1024K)]
  0x000001ae7add2680 WorkerThread "GC Thread#9"                     [id=142760, stack(0x0000009308e00000,0x0000009308f00000) (1024K)]
  0x000001ae7b115010 WorkerThread "GC Thread#10"                    [id=143220, stack(0x0000009308f00000,0x0000009309000000) (1024K)]
  0x000001ae7a9232f0 WorkerThread "GC Thread#11"                    [id=152172, stack(0x0000009308000000,0x0000009308100000) (1024K)]
  0x000001ae7a923dd0 WorkerThread "GC Thread#12"                    [id=151284, stack(0x0000009309200000,0x0000009309300000) (1024K)]
  0x000001ae7a922810 WorkerThread "GC Thread#13"                    [id=138316, stack(0x0000009309300000,0x0000009309400000) (1024K)]
  0x000001ae7a922bb0 WorkerThread "GC Thread#14"                    [id=149056, stack(0x0000009309400000,0x0000009309500000) (1024K)]
Total: 17

Threads with active compile tasks:
C2 CompilerThread0  7231 5001       4       java.io.InputStreamReader::read (11 bytes)
C1 CompilerThread1  7231 5111       3       org.codehaus.plexus.util.xml.pull.MXParser::require (443 bytes)
C2 CompilerThread1  7231 5090       4       org.codehaus.plexus.util.xml.pull.MXParser::nextImpl (1203 bytes)
C2 CompilerThread2  7231 4991       4       sun.nio.cs.StreamDecoder::lockedRead (189 bytes)
C2 CompilerThread3  7232 5054       4       sun.nio.cs.UTF_8$Decoder::decodeArrayLoop (688 bytes)
C2 CompilerThread4  7232 5008       4       org.codehaus.plexus.util.xml.XmlReader::read (11 bytes)
C2 CompilerThread5  7232 5013       4       java.io.Reader::read (21 bytes)
C2 CompilerThread6  7232 5108   !   4       sun.nio.cs.StreamDecoder::read (78 bytes)
C2 CompilerThread7  7232 5009       4       org.codehaus.plexus.util.InterpolationFilterReader::read (477 bytes)
Total: 9

VM state: not at safepoint (normal execution)

VM Mutex/Monitor currently owned by a thread: None

Heap address: 0x00000000c0000000, size: 1024 MB, Compressed Oops mode: 32-bit

CDS archive(s) mapped at: [0x000001ae32000000-0x000001ae32ba0000-0x000001ae32ba0000), size 12189696, SharedBaseAddress: 0x000001ae32000000, ArchiveRelocationMode: 1.
Compressed class space mapped at: 0x000001ae33000000-0x000001ae73000000, reserved size: 1073741824
Narrow klass base: 0x000001ae32000000, Narrow klass shift: 0, Narrow klass range: 0x100000000

GC Precious Log:
 CardTable entry size: 512
 CPUs: 20 total, 20 available
 Memory: 32508M
 Large Page Support: Disabled
 NUMA Support: Disabled
 Compressed Oops: Enabled (32-bit)
 Alignments: Space 512K, Generation 512K, Heap 2M
 Heap Min Capacity: 100M
 Heap Initial Capacity: 100M
 Heap Max Capacity: 1G
 Pre-touch: Disabled
 Parallel Workers: 15

Heap:
 PSYoungGen      total 24064K, used 2736K [0x00000000eab00000, 0x00000000ec700000, 0x0000000100000000)
  eden space 22016K, 5% used [0x00000000eab00000,0x00000000eac26220,0x00000000ec080000)
  from space 2048K, 76% used [0x00000000ec500000,0x00000000ec686148,0x00000000ec700000)
  to   space 2048K, 0% used [0x00000000ec300000,0x00000000ec300000,0x00000000ec500000)
 ParOldGen       total 68608K, used 17285K [0x00000000c0000000, 0x00000000c4300000, 0x00000000eab00000)
  object space 68608K, 25% used [0x00000000c0000000,0x00000000c10e1478,0x00000000c4300000)
 Metaspace       used 33726K, committed 34816K, reserved 1114112K
  class space    used 3363K, committed 3840K, reserved 1048576K

Card table byte_map: [0x000001ae1cec0000,0x000001ae1d0d0000] _byte_map_base: 0x000001ae1c8c0000

Marking Bits: (ParMarkBitMap*) 0x00007ff99cb531f0
 Begin Bits: [0x000001ae2f710000, 0x000001ae30710000)
 End Bits:   [0x000001ae30710000, 0x000001ae31710000)

Polling page: 0x000001ae1b4c0000

Metaspace:

Usage:
  Non-class:     29.65 MB used.
      Class:      3.28 MB used.
       Both:     32.94 MB used.

Virtual space:
  Non-class space:       64.00 MB reserved,      30.25 MB ( 47%) committed,  1 nodes.
      Class space:        1.00 GB reserved,       3.75 MB ( <1%) committed,  1 nodes.
             Both:        1.06 GB reserved,      34.00 MB (  3%) committed. 

Chunk freelists:
   Non-Class:  1.16 MB
       Class:  12.14 MB
        Both:  13.30 MB

MaxMetaspaceSize: unlimited
CompressedClassSpaceSize: 1.00 GB
Initial GC threshold: 21.00 MB
Current GC threshold: 35.00 MB
CDS: on
 - commit_granule_bytes: 65536.
 - commit_granule_words: 8192.
 - virtual_space_node_default_size: 8388608.
 - enlarge_chunks_in_place: 1.
 - use_allocation_guard: 0.


Internal statistics:

num_allocs_failed_limit: 3.
num_arena_births: 860.
num_arena_deaths: 14.
num_vsnodes_births: 2.
num_vsnodes_deaths: 0.
num_space_committed: 543.
num_space_uncommitted: 0.
num_chunks_returned_to_freelist: 17.
num_chunks_taken_from_freelist: 2256.
num_chunk_merges: 4.
num_chunk_splits: 1451.
num_chunks_enlarged: 872.
num_inconsistent_stats: 0.

CodeHeap 'non-profiled nmethods': size=119168Kb used=2473Kb max_used=2473Kb free=116695Kb
 bounds [0x000001ae282b0000, 0x000001ae28520000, 0x000001ae2f710000]
CodeHeap 'profiled nmethods': size=119104Kb used=11302Kb max_used=11302Kb free=107801Kb
 bounds [0x000001ae20710000, 0x000001ae21220000, 0x000001ae27b60000]
CodeHeap 'non-nmethods': size=7488Kb used=3045Kb max_used=3109Kb free=4442Kb
 bounds [0x000001ae27b60000, 0x000001ae27e80000, 0x000001ae282b0000]
 total_blobs=5744 nmethods=5089 adapters=558
 compilation: enabled
              stopped_count=0, restarted_count=0
 full_count=0

Compilation events (20 events):
Event: 7.183 Thread 0x000001ae73f91a60 nmethod 5088 0x000001ae211f3490 code [0x000001ae211f3640, 0x000001ae211f37d0]
Event: 7.183 Thread 0x000001ae1d5cabc0 nmethod 5084 0x000001ae211f3890 code [0x000001ae211f3a80, 0x000001ae211f4220]
Event: 7.184 Thread 0x000001ae73f91a60 5089       1       org.codehaus.plexus.util.xml.pull.MXParser::getDepth (5 bytes)
Event: 7.184 Thread 0x000001ae73f91a60 nmethod 5089 0x000001ae28511f10 code [0x000001ae285120a0, 0x000001ae28512168]
Event: 7.186 Thread 0x000001ae73f98f10 5091       3       org.eclipse.osgi.internal.framework.FilterImpl$Parser::parse_substring (227 bytes)
Event: 7.187 Thread 0x000001ae73f91a60 5092       3       java.util.concurrent.locks.ReentrantReadWriteLock$Sync::tryAcquireShared (177 bytes)
Event: 7.188 Thread 0x000001ae73f995e0 nmethod 5063 0x000001ae28512210 code [0x000001ae28512400, 0x000001ae28512920]
Event: 7.188 Thread 0x000001ae73f91a60 nmethod 5092 0x000001ae211f4410 code [0x000001ae211f46a0, 0x000001ae211f53c0]
Event: 7.188 Thread 0x000001ae73f98f10 nmethod 5091 0x000001ae211f5810 code [0x000001ae211f5be0, 0x000001ae211f7838]
Event: 7.190 Thread 0x000001ae73f995e0 5090       4       org.codehaus.plexus.util.xml.pull.MXParser::nextImpl (1203 bytes)
Event: 7.190 Thread 0x000001ae73f91a60 5093       3       java.lang.invoke.DirectMethodHandle$Holder::invokeStatic (22 bytes)
Event: 7.191 Thread 0x000001ae73f91a60 nmethod 5093 0x000001ae211f8390 code [0x000001ae211f8560, 0x000001ae211f8ab0]
Event: 7.191 Thread 0x000001ae73f98840 nmethod 5051 0x000001ae28512d10 code [0x000001ae28512fc0, 0x000001ae28513910]
Event: 7.193 Thread 0x000001ae73f98840 5032       4       java.nio.Buffer::<init> (105 bytes)
Event: 7.195 Thread 0x000001ae73f98170 nmethod 4990 0x000001ae28514390 code [0x000001ae28514780, 0x000001ae28516528]
Event: 7.196 Thread 0x000001ae73f9a380 nmethod 5080 0x000001ae211f8c10 code [0x000001ae211f9b20, 0x000001ae212031e8]
Event: 7.196 Thread 0x000001ae73f91a60 5094       3       java.lang.invoke.LambdaForm$MH/0x000001ae3301fc00::invoke (110 bytes)
Event: 7.196 Thread 0x000001ae1d5cabc0 5095       3       java.lang.invoke.LambdaForm$MH/0x000001ae3301f400::invoke (46 bytes)
Event: 7.197 Thread 0x000001ae1d5cabc0 nmethod 5095 0x000001ae21206f10 code [0x000001ae21207100, 0x000001ae21207710]
Event: 7.197 Thread 0x000001ae73f91a60 nmethod 5094 0x000001ae21207890 code [0x000001ae21207ae0, 0x000001ae212088d8]

GC Heap History (20 events):
Event: 1.898 GC heap before
{Heap before GC invocations=3 (full 0):
 PSYoungGen      total 29696K, used 29641K [0x00000000eab00000, 0x00000000ecc00000, 0x0000000100000000)
  eden space 25600K, 99% used [0x00000000eab00000,0x00000000ec3f9e28,0x00000000ec400000)
  from space 4096K, 99% used [0x00000000ec800000,0x00000000ecbf8838,0x00000000ecc00000)
  to   space 4096K, 0% used [0x00000000ec400000,0x00000000ec400000,0x00000000ec800000)
 ParOldGen       total 68608K, used 1801K [0x00000000c0000000, 0x00000000c4300000, 0x00000000eab00000)
  object space 68608K, 2% used [0x00000000c0000000,0x00000000c01c26a8,0x00000000c4300000)
 Metaspace       used 9441K, committed 9792K, reserved 1114112K
  class space    used 970K, committed 1152K, reserved 1048576K
}
Event: 1.904 GC heap after
{Heap after GC invocations=3 (full 0):
 PSYoungGen      total 29696K, used 4085K [0x00000000eab00000, 0x00000000ecc00000, 0x0000000100000000)
  eden space 25600K, 0% used [0x00000000eab00000,0x00000000eab00000,0x00000000ec400000)
  from space 4096K, 99% used [0x00000000ec400000,0x00000000ec7fd488,0x00000000ec800000)
  to   space 4096K, 0% used [0x00000000ec800000,0x00000000ec800000,0x00000000ecc00000)
 ParOldGen       total 68608K, used 4270K [0x00000000c0000000, 0x00000000c4300000, 0x00000000eab00000)
  object space 68608K, 6% used [0x00000000c0000000,0x00000000c042bac0,0x00000000c4300000)
 Metaspace       used 9441K, committed 9792K, reserved 1114112K
  class space    used 970K, committed 1152K, reserved 1048576K
}
Event: 2.541 GC heap before
{Heap before GC invocations=4 (full 0):
 PSYoungGen      total 29696K, used 29685K [0x00000000eab00000, 0x00000000ecc00000, 0x0000000100000000)
  eden space 25600K, 100% used [0x00000000eab00000,0x00000000ec400000,0x00000000ec400000)
  from space 4096K, 99% used [0x00000000ec400000,0x00000000ec7fd488,0x00000000ec800000)
  to   space 4096K, 0% used [0x00000000ec800000,0x00000000ec800000,0x00000000ecc00000)
 ParOldGen       total 68608K, used 4270K [0x00000000c0000000, 0x00000000c4300000, 0x00000000eab00000)
  object space 68608K, 6% used [0x00000000c0000000,0x00000000c042bac0,0x00000000c4300000)
 Metaspace       used 12047K, committed 12480K, reserved 1114112K
  class space    used 1236K, committed 1472K, reserved 1048576K
}
Event: 2.548 GC heap after
{Heap after GC invocations=4 (full 0):
 PSYoungGen      total 29696K, used 4081K [0x00000000eab00000, 0x00000000ecc00000, 0x0000000100000000)
  eden space 25600K, 0% used [0x00000000eab00000,0x00000000eab00000,0x00000000ec400000)
  from space 4096K, 99% used [0x00000000ec800000,0x00000000ecbfc7c8,0x00000000ecc00000)
  to   space 4096K, 0% used [0x00000000ec400000,0x00000000ec400000,0x00000000ec800000)
 ParOldGen       total 68608K, used 6217K [0x00000000c0000000, 0x00000000c4300000, 0x00000000eab00000)
  object space 68608K, 9% used [0x00000000c0000000,0x00000000c0612408,0x00000000c4300000)
 Metaspace       used 12047K, committed 12480K, reserved 1114112K
  class space    used 1236K, committed 1472K, reserved 1048576K
}
Event: 3.593 GC heap before
{Heap before GC invocations=5 (full 0):
 PSYoungGen      total 29696K, used 29681K [0x00000000eab00000, 0x00000000ecc00000, 0x0000000100000000)
  eden space 25600K, 100% used [0x00000000eab00000,0x00000000ec400000,0x00000000ec400000)
  from space 4096K, 99% used [0x00000000ec800000,0x00000000ecbfc7c8,0x00000000ecc00000)
  to   space 4096K, 0% used [0x00000000ec400000,0x00000000ec400000,0x00000000ec800000)
 ParOldGen       total 68608K, used 6217K [0x00000000c0000000, 0x00000000c4300000, 0x00000000eab00000)
  object space 68608K, 9% used [0x00000000c0000000,0x00000000c0612408,0x00000000c4300000)
 Metaspace       used 15202K, committed 15808K, reserved 1114112K
  class space    used 1507K, committed 1792K, reserved 1048576K
}
Event: 3.598 GC heap after
{Heap after GC invocations=5 (full 0):
 PSYoungGen      total 29184K, used 4076K [0x00000000eab00000, 0x00000000ecf80000, 0x0000000100000000)
  eden space 25088K, 0% used [0x00000000eab00000,0x00000000eab00000,0x00000000ec380000)
  from space 4096K, 99% used [0x00000000ec400000,0x00000000ec7fb258,0x00000000ec800000)
  to   space 6144K, 0% used [0x00000000ec980000,0x00000000ec980000,0x00000000ecf80000)
 ParOldGen       total 68608K, used 7819K [0x00000000c0000000, 0x00000000c4300000, 0x00000000eab00000)
  object space 68608K, 11% used [0x00000000c0000000,0x00000000c07a2cf0,0x00000000c4300000)
 Metaspace       used 15202K, committed 15808K, reserved 1114112K
  class space    used 1507K, committed 1792K, reserved 1048576K
}
Event: 4.488 GC heap before
{Heap before GC invocations=6 (full 0):
 PSYoungGen      total 29184K, used 29164K [0x00000000eab00000, 0x00000000ecf80000, 0x0000000100000000)
  eden space 25088K, 100% used [0x00000000eab00000,0x00000000ec380000,0x00000000ec380000)
  from space 4096K, 99% used [0x00000000ec400000,0x00000000ec7fb258,0x00000000ec800000)
  to   space 6144K, 0% used [0x00000000ec980000,0x00000000ec980000,0x00000000ecf80000)
 ParOldGen       total 68608K, used 7819K [0x00000000c0000000, 0x00000000c4300000, 0x00000000eab00000)
  object space 68608K, 11% used [0x00000000c0000000,0x00000000c07a2cf0,0x00000000c4300000)
 Metaspace       used 18533K, committed 19264K, reserved 1114112K
  class space    used 1864K, committed 2176K, reserved 1048576K
}
Event: 4.492 GC heap after
{Heap after GC invocations=6 (full 0):
 PSYoungGen      total 29696K, used 4981K [0x00000000eab00000, 0x00000000ece80000, 0x0000000100000000)
  eden space 24576K, 0% used [0x00000000eab00000,0x00000000eab00000,0x00000000ec300000)
  from space 5120K, 97% used [0x00000000ec980000,0x00000000ece5d668,0x00000000ece80000)
  to   space 5632K, 0% used [0x00000000ec380000,0x00000000ec380000,0x00000000ec900000)
 ParOldGen       total 68608K, used 7827K [0x00000000c0000000, 0x00000000c4300000, 0x00000000eab00000)
  object space 68608K, 11% used [0x00000000c0000000,0x00000000c07a4cf0,0x00000000c4300000)
 Metaspace       used 18533K, committed 19264K, reserved 1114112K
  class space    used 1864K, committed 2176K, reserved 1048576K
}
Event: 4.955 GC heap before
{Heap before GC invocations=7 (full 0):
 PSYoungGen      total 29696K, used 25462K [0x00000000eab00000, 0x00000000ece80000, 0x0000000100000000)
  eden space 24576K, 83% used [0x00000000eab00000,0x00000000ebf004f0,0x00000000ec300000)
  from space 5120K, 97% used [0x00000000ec980000,0x00000000ece5d668,0x00000000ece80000)
  to   space 5632K, 0% used [0x00000000ec380000,0x00000000ec380000,0x00000000ec900000)
 ParOldGen       total 68608K, used 7827K [0x00000000c0000000, 0x00000000c4300000, 0x00000000eab00000)
  object space 68608K, 11% used [0x00000000c0000000,0x00000000c07a4cf0,0x00000000c4300000)
 Metaspace       used 20651K, committed 21504K, reserved 1114112K
  class space    used 2118K, committed 2496K, reserved 1048576K
}
Event: 4.960 GC heap after
{Heap after GC invocations=7 (full 0):
 PSYoungGen      total 29184K, used 4135K [0x00000000eab00000, 0x00000000ecc00000, 0x0000000100000000)
  eden space 24576K, 0% used [0x00000000eab00000,0x00000000eab00000,0x00000000ec300000)
  from space 4608K, 89% used [0x00000000ec380000,0x00000000ec789e50,0x00000000ec800000)
  to   space 4096K, 0% used [0x00000000ec800000,0x00000000ec800000,0x00000000ecc00000)
 ParOldGen       total 68608K, used 9251K [0x00000000c0000000, 0x00000000c4300000, 0x00000000eab00000)
  object space 68608K, 13% used [0x00000000c0000000,0x00000000c0908ea8,0x00000000c4300000)
 Metaspace       used 20651K, committed 21504K, reserved 1114112K
  class space    used 2118K, committed 2496K, reserved 1048576K
}
Event: 4.960 GC heap before
{Heap before GC invocations=8 (full 1):
 PSYoungGen      total 29184K, used 4135K [0x00000000eab00000, 0x00000000ecc00000, 0x0000000100000000)
  eden space 24576K, 0% used [0x00000000eab00000,0x00000000eab00000,0x00000000ec300000)
  from space 4608K, 89% used [0x00000000ec380000,0x00000000ec789e50,0x00000000ec800000)
  to   space 4096K, 0% used [0x00000000ec800000,0x00000000ec800000,0x00000000ecc00000)
 ParOldGen       total 68608K, used 9251K [0x00000000c0000000, 0x00000000c4300000, 0x00000000eab00000)
  object space 68608K, 13% used [0x00000000c0000000,0x00000000c0908ea8,0x00000000c4300000)
 Metaspace       used 20651K, committed 21504K, reserved 1114112K
  class space    used 2118K, committed 2496K, reserved 1048576K
}
Event: 4.998 GC heap after
{Heap after GC invocations=8 (full 1):
 PSYoungGen      total 29184K, used 0K [0x00000000eab00000, 0x00000000ecc00000, 0x0000000100000000)
  eden space 24576K, 0% used [0x00000000eab00000,0x00000000eab00000,0x00000000ec300000)
  from space 4608K, 0% used [0x00000000ec380000,0x00000000ec380000,0x00000000ec800000)
  to   space 4096K, 0% used [0x00000000ec800000,0x00000000ec800000,0x00000000ecc00000)
 ParOldGen       total 68608K, used 12653K [0x00000000c0000000, 0x00000000c4300000, 0x00000000eab00000)
  object space 68608K, 18% used [0x00000000c0000000,0x00000000c0c5b438,0x00000000c4300000)
 Metaspace       used 20639K, committed 21504K, reserved 1114112K
  class space    used 2115K, committed 2496K, reserved 1048576K
}
Event: 5.398 GC heap before
{Heap before GC invocations=9 (full 1):
 PSYoungGen      total 29184K, used 24576K [0x00000000eab00000, 0x00000000ecc00000, 0x0000000100000000)
  eden space 24576K, 100% used [0x00000000eab00000,0x00000000ec300000,0x00000000ec300000)
  from space 4608K, 0% used [0x00000000ec380000,0x00000000ec380000,0x00000000ec800000)
  to   space 4096K, 0% used [0x00000000ec800000,0x00000000ec800000,0x00000000ecc00000)
 ParOldGen       total 68608K, used 12653K [0x00000000c0000000, 0x00000000c4300000, 0x00000000eab00000)
  object space 68608K, 18% used [0x00000000c0000000,0x00000000c0c5b438,0x00000000c4300000)
 Metaspace       used 22775K, committed 23680K, reserved 1114112K
  class space    used 2294K, committed 2688K, reserved 1048576K
}
Event: 5.400 GC heap after
{Heap after GC invocations=9 (full 1):
 PSYoungGen      total 25600K, used 1120K [0x00000000eab00000, 0x00000000ec980000, 0x0000000100000000)
  eden space 24064K, 0% used [0x00000000eab00000,0x00000000eab00000,0x00000000ec280000)
  from space 1536K, 72% used [0x00000000ec800000,0x00000000ec918228,0x00000000ec980000)
  to   space 2560K, 0% used [0x00000000ec480000,0x00000000ec480000,0x00000000ec700000)
 ParOldGen       total 68608K, used 12661K [0x00000000c0000000, 0x00000000c4300000, 0x00000000eab00000)
  object space 68608K, 18% used [0x00000000c0000000,0x00000000c0c5d438,0x00000000c4300000)
 Metaspace       used 22775K, committed 23680K, reserved 1114112K
  class space    used 2294K, committed 2688K, reserved 1048576K
}
Event: 5.800 GC heap before
{Heap before GC invocations=10 (full 1):
 PSYoungGen      total 25600K, used 25184K [0x00000000eab00000, 0x00000000ec980000, 0x0000000100000000)
  eden space 24064K, 100% used [0x00000000eab00000,0x00000000ec280000,0x00000000ec280000)
  from space 1536K, 72% used [0x00000000ec800000,0x00000000ec918228,0x00000000ec980000)
  to   space 2560K, 0% used [0x00000000ec480000,0x00000000ec480000,0x00000000ec700000)
 ParOldGen       total 68608K, used 12661K [0x00000000c0000000, 0x00000000c4300000, 0x00000000eab00000)
  object space 68608K, 18% used [0x00000000c0000000,0x00000000c0c5d438,0x00000000c4300000)
 Metaspace       used 26431K, committed 27328K, reserved 1114112K
  class space    used 2558K, committed 2944K, reserved 1048576K
}
Event: 5.802 GC heap after
{Heap after GC invocations=10 (full 1):
 PSYoungGen      total 26112K, used 1288K [0x00000000eab00000, 0x00000000ec880000, 0x0000000100000000)
  eden space 23552K, 0% used [0x00000000eab00000,0x00000000eab00000,0x00000000ec200000)
  from space 2560K, 50% used [0x00000000ec480000,0x00000000ec5c2170,0x00000000ec700000)
  to   space 1536K, 0% used [0x00000000ec700000,0x00000000ec700000,0x00000000ec880000)
 ParOldGen       total 68608K, used 12669K [0x00000000c0000000, 0x00000000c4300000, 0x00000000eab00000)
  object space 68608K, 18% used [0x00000000c0000000,0x00000000c0c5f438,0x00000000c4300000)
 Metaspace       used 26431K, committed 27328K, reserved 1114112K
  class space    used 2558K, committed 2944K, reserved 1048576K
}
Event: 6.083 GC heap before
{Heap before GC invocations=11 (full 1):
 PSYoungGen      total 26112K, used 24840K [0x00000000eab00000, 0x00000000ec880000, 0x0000000100000000)
  eden space 23552K, 100% used [0x00000000eab00000,0x00000000ec200000,0x00000000ec200000)
  from space 2560K, 50% used [0x00000000ec480000,0x00000000ec5c2170,0x00000000ec700000)
  to   space 1536K, 0% used [0x00000000ec700000,0x00000000ec700000,0x00000000ec880000)
 ParOldGen       total 68608K, used 12669K [0x00000000c0000000, 0x00000000c4300000, 0x00000000eab00000)
  object space 68608K, 18% used [0x00000000c0000000,0x00000000c0c5f438,0x00000000c4300000)
 Metaspace       used 28127K, committed 29056K, reserved 1114112K
  class space    used 2682K, committed 3072K, reserved 1048576K
}
Event: 6.086 GC heap after
{Heap after GC invocations=11 (full 1):
 PSYoungGen      total 24576K, used 1531K [0x00000000eab00000, 0x00000000ec980000, 0x0000000100000000)
  eden space 23040K, 0% used [0x00000000eab00000,0x00000000eab00000,0x00000000ec180000)
  from space 1536K, 99% used [0x00000000ec700000,0x00000000ec87eda0,0x00000000ec880000)
  to   space 4096K, 0% used [0x00000000ec180000,0x00000000ec180000,0x00000000ec580000)
 ParOldGen       total 68608K, used 14501K [0x00000000c0000000, 0x00000000c4300000, 0x00000000eab00000)
  object space 68608K, 21% used [0x00000000c0000000,0x00000000c0e29680,0x00000000c4300000)
 Metaspace       used 28127K, committed 29056K, reserved 1114112K
  class space    used 2682K, committed 3072K, reserved 1048576K
}
Event: 6.487 GC heap before
{Heap before GC invocations=12 (full 1):
 PSYoungGen      total 24576K, used 24550K [0x00000000eab00000, 0x00000000ec980000, 0x0000000100000000)
  eden space 23040K, 99% used [0x00000000eab00000,0x00000000ec17aa60,0x00000000ec180000)
  from space 1536K, 99% used [0x00000000ec700000,0x00000000ec87eda0,0x00000000ec880000)
  to   space 4096K, 0% used [0x00000000ec180000,0x00000000ec180000,0x00000000ec580000)
 ParOldGen       total 68608K, used 14501K [0x00000000c0000000, 0x00000000c4300000, 0x00000000eab00000)
  object space 68608K, 21% used [0x00000000c0000000,0x00000000c0e29680,0x00000000c4300000)
 Metaspace       used 31528K, committed 32576K, reserved 1114112K
  class space    used 3074K, committed 3584K, reserved 1048576K
}
Event: 6.490 GC heap after
{Heap after GC invocations=12 (full 1):
 PSYoungGen      total 24576K, used 1722K [0x00000000eab00000, 0x00000000ec780000, 0x0000000100000000)
  eden space 22528K, 0% used [0x00000000eab00000,0x00000000eab00000,0x00000000ec100000)
  from space 2048K, 84% used [0x00000000ec180000,0x00000000ec32e988,0x00000000ec380000)
  to   space 2560K, 0% used [0x00000000ec500000,0x00000000ec500000,0x00000000ec780000)
 ParOldGen       total 68608K, used 16043K [0x00000000c0000000, 0x00000000c4300000, 0x00000000eab00000)
  object space 68608K, 23% used [0x00000000c0000000,0x00000000c0faac68,0x00000000c4300000)
 Metaspace       used 31528K, committed 32576K, reserved 1114112K
  class space    used 3074K, committed 3584K, reserved 1048576K
}

Dll operation events (10 events):
Event: 0.009 Loaded shared library c:\Users\86132\.trae\extensions\redhat.java-1.42.0-win32-x64\jre\21.0.7-win32-x86_64\bin\java.dll
Event: 0.032 Loaded shared library c:\Users\86132\.trae\extensions\redhat.java-1.42.0-win32-x64\jre\21.0.7-win32-x86_64\bin\zip.dll
Event: 0.099 Loaded shared library C:\Users\86132\.trae\extensions\redhat.java-1.42.0-win32-x64\jre\21.0.7-win32-x86_64\bin\instrument.dll
Event: 0.104 Loaded shared library C:\Users\86132\.trae\extensions\redhat.java-1.42.0-win32-x64\jre\21.0.7-win32-x86_64\bin\net.dll
Event: 0.106 Loaded shared library C:\Users\86132\.trae\extensions\redhat.java-1.42.0-win32-x64\jre\21.0.7-win32-x86_64\bin\nio.dll
Event: 0.109 Loaded shared library C:\Users\86132\.trae\extensions\redhat.java-1.42.0-win32-x64\jre\21.0.7-win32-x86_64\bin\zip.dll
Event: 0.122 Loaded shared library C:\Users\86132\.trae\extensions\redhat.java-1.42.0-win32-x64\jre\21.0.7-win32-x86_64\bin\jimage.dll
Event: 0.189 Loaded shared library c:\Users\86132\.trae\extensions\redhat.java-1.42.0-win32-x64\jre\21.0.7-win32-x86_64\bin\verify.dll
Event: 1.540 Loaded shared library C:\Users\86132\AppData\Roaming\Trae\User\globalStorage\redhat.java\1.42.0\config_win\org.eclipse.equinox.launcher\org.eclipse.equinox.launcher.win32.win32.x86_64_1.2.1300.v20250331-1702\eclipse_11911.dll
Event: 4.081 Loaded shared library C:\Users\86132\AppData\Local\Temp\jna-53374610\jna5589452328845088088.dll

Deoptimization events (20 events):
Event: 7.156 Thread 0x000001ae7a862740 DEOPT PACKING pc=0x000001ae283d8130 sp=0x00000093096fe1d0
Event: 7.156 Thread 0x000001ae7a862740 DEOPT UNPACKING pc=0x000001ae27bb3aa2 sp=0x00000093096fe170 mode 2
Event: 7.164 Thread 0x000001ae7adf9e00 DEOPT PACKING pc=0x000001ae20c12914 sp=0x0000009308cfd8f0
Event: 7.164 Thread 0x000001ae7adf9e00 DEOPT UNPACKING pc=0x000001ae27bb4242 sp=0x0000009308cfce40 mode 0
Event: 7.166 Thread 0x000001ae7a860d00 Uncommon trap: trap_request=0xfffffff4 fr.pc=0x000001ae284dd658 relative=0x0000000000000ef8
Event: 7.166 Thread 0x000001ae7a860d00 Uncommon trap: reason=null_check action=make_not_entrant pc=0x000001ae284dd658 method=org.apache.aries.spifly.BaseActivator.getWeavingData(Lorg/osgi/framework/Bundle;)Ljava/util/Set; @ 10 c2
Event: 7.166 Thread 0x000001ae7a860d00 DEOPT PACKING pc=0x000001ae284dd658 sp=0x0000009309cfda30
Event: 7.166 Thread 0x000001ae7a860d00 DEOPT UNPACKING pc=0x000001ae27bb3aa2 sp=0x0000009309cfd7e8 mode 2
Event: 7.179 Thread 0x000001ae7a860d00 Uncommon trap: trap_request=0xffffff45 fr.pc=0x000001ae28497244 relative=0x00000000000001a4
Event: 7.179 Thread 0x000001ae7a860d00 Uncommon trap: reason=unstable_if action=reinterpret pc=0x000001ae28497244 method=java.util.concurrent.locks.ReentrantReadWriteLock$Sync.tryAcquireShared(I)I @ 55 c2
Event: 7.179 Thread 0x000001ae7a860d00 DEOPT PACKING pc=0x000001ae28497244 sp=0x0000009309cfa6c0
Event: 7.179 Thread 0x000001ae7a860d00 DEOPT UNPACKING pc=0x000001ae27bb3aa2 sp=0x0000009309cfa5e8 mode 2
Event: 7.180 Thread 0x000001ae7a860d00 Uncommon trap: trap_request=0xffffff45 fr.pc=0x000001ae28496d10 relative=0x0000000000000170
Event: 7.180 Thread 0x000001ae7a860d00 Uncommon trap: reason=unstable_if action=reinterpret pc=0x000001ae28496d10 method=java.util.concurrent.locks.ReentrantReadWriteLock$Sync.tryAcquireShared(I)I @ 81 c2
Event: 7.181 Thread 0x000001ae7adf9e00 Uncommon trap: trap_request=0xffffff45 fr.pc=0x000001ae28496d10 relative=0x0000000000000170
Event: 7.181 Thread 0x000001ae7a860d00 DEOPT PACKING pc=0x000001ae28496d10 sp=0x0000009309cfa670
Event: 7.181 Thread 0x000001ae7a860d00 DEOPT UNPACKING pc=0x000001ae27bb3aa2 sp=0x0000009309cfa5f8 mode 2
Event: 7.181 Thread 0x000001ae7adf9e00 Uncommon trap: reason=unstable_if action=reinterpret pc=0x000001ae28496d10 method=java.util.concurrent.locks.ReentrantReadWriteLock$Sync.tryAcquireShared(I)I @ 81 c2
Event: 7.181 Thread 0x000001ae7adf9e00 DEOPT PACKING pc=0x000001ae28496d10 sp=0x0000009308cff2a0
Event: 7.181 Thread 0x000001ae7adf9e00 DEOPT UNPACKING pc=0x000001ae27bb3aa2 sp=0x0000009308cff228 mode 2

Classes loaded (20 events):
Event: 6.509 Loading class sun/reflect/annotation/TypeAnnotation$LocationInfo
Event: 6.510 Loading class sun/reflect/annotation/TypeAnnotation$LocationInfo done
Event: 6.510 Loading class sun/reflect/annotation/TypeAnnotation$LocationInfo$Location
Event: 6.510 Loading class sun/reflect/annotation/TypeAnnotation$LocationInfo$Location done
Event: 6.510 Loading class sun/reflect/annotation/AnnotatedTypeFactory
Event: 6.510 Loading class sun/reflect/annotation/AnnotatedTypeFactory done
Event: 6.510 Loading class sun/reflect/annotation/AnnotatedTypeFactory$AnnotatedTypeBaseImpl
Event: 6.511 Loading class sun/reflect/annotation/AnnotatedTypeFactory$AnnotatedTypeBaseImpl done
Event: 6.585 Loading class java/lang/annotation/ElementType
Event: 6.585 Loading class java/lang/annotation/ElementType done
Event: 6.613 Loading class java/lang/reflect/ParameterizedType
Event: 6.613 Loading class java/lang/reflect/ParameterizedType done
Event: 6.620 Loading class java/lang/reflect/WildcardType
Event: 6.620 Loading class java/lang/reflect/WildcardType done
Event: 6.624 Loading class sun/reflect/generics/tree/TypeVariableSignature
Event: 6.624 Loading class sun/reflect/generics/tree/TypeVariableSignature done
Event: 7.108 Loading class java/lang/annotation/IncompleteAnnotationException
Event: 7.108 Loading class java/lang/annotation/IncompleteAnnotationException done
Event: 7.147 Loading class java/lang/foreign/MemorySegment
Event: 7.148 Loading class java/lang/foreign/MemorySegment done

Classes unloaded (7 events):
Event: 4.965 Thread 0x000001ae73e96030 Unloading class 0x000001ae331a4800 'java/lang/invoke/LambdaForm$MH+0x000001ae331a4800'
Event: 4.965 Thread 0x000001ae73e96030 Unloading class 0x000001ae331a4400 'java/lang/invoke/LambdaForm$MH+0x000001ae331a4400'
Event: 4.965 Thread 0x000001ae73e96030 Unloading class 0x000001ae331a4000 'java/lang/invoke/LambdaForm$MH+0x000001ae331a4000'
Event: 4.965 Thread 0x000001ae73e96030 Unloading class 0x000001ae331a3c00 'java/lang/invoke/LambdaForm$MH+0x000001ae331a3c00'
Event: 4.965 Thread 0x000001ae73e96030 Unloading class 0x000001ae331a3800 'java/lang/invoke/LambdaForm$BMH+0x000001ae331a3800'
Event: 4.965 Thread 0x000001ae73e96030 Unloading class 0x000001ae331a3400 'java/lang/invoke/LambdaForm$DMH+0x000001ae331a3400'
Event: 4.965 Thread 0x000001ae73e96030 Unloading class 0x000001ae331a2400 'java/lang/invoke/LambdaForm$DMH+0x000001ae331a2400'

Classes redefined (0 events):
No events

Internal exceptions (20 events):
Event: 5.263 Thread 0x000001ae7adf9e00 Exception <a 'java/lang/NoSuchMethodError'{0x00000000eb2c4728}: 'double java.lang.invoke.DirectMethodHandle$Holder.invokeStaticInit(java.lang.Object, java.lang.Object)'> (0x00000000eb2c4728) 
thrown [s\src\hotspot\share\interpreter\linkResolver.cpp, line 773]
Event: 5.408 Thread 0x000001ae7adf9e00 Exception <a 'java/io/FileNotFoundException'{0x00000000eab77fd0}> (0x00000000eab77fd0) 
thrown [s\src\hotspot\share\prims\jni.cpp, line 520]
Event: 5.408 Thread 0x000001ae7adf9e00 Exception <a 'java/io/FileNotFoundException'{0x00000000eab790b8}> (0x00000000eab790b8) 
thrown [s\src\hotspot\share\prims\jni.cpp, line 520]
Event: 5.408 Thread 0x000001ae7adf9e00 Exception <a 'java/io/FileNotFoundException'{0x00000000eab7a2a0}> (0x00000000eab7a2a0) 
thrown [s\src\hotspot\share\prims\jni.cpp, line 520]
Event: 5.744 Thread 0x000001ae7adf9e00 Implicit null exception at 0x000001ae284980f5 to 0x000001ae284981d0
Event: 5.873 Thread 0x000001ae7adf9e00 Exception <a 'java/lang/NoSuchMethodError'{0x00000000eb7ff260}: 'java.lang.Object java.lang.invoke.DirectMethodHandle$Holder.newInvokeSpecial(java.lang.Object, int, java.lang.Object, java.lang.Object)'> (0x00000000eb7ff260) 
thrown [s\src\hotspot\share\interpreter\linkResolver.cpp, line 773]
Event: 5.875 Thread 0x000001ae7adf9e00 Exception <a 'java/io/FileNotFoundException'{0x00000000eb8218e8}> (0x00000000eb8218e8) 
thrown [s\src\hotspot\share\prims\jni.cpp, line 520]
Event: 6.055 Thread 0x000001ae7adf9e00 Exception <a 'java/lang/ClassNotFoundException'{0x00000000ec0894b0}: com/sun/org/apache/xerces/internal/impl/msg/spi/DOMMessagesProvider> (0x00000000ec0894b0) 
thrown [s\src\hotspot\share\classfile\systemDictionary.cpp, line 312]
Event: 6.058 Thread 0x000001ae7adf9e00 Exception <a 'java/lang/ClassNotFoundException'{0x00000000ec0ad688}: com/sun/org/apache/xerces/internal/impl/msg/spi/XMLSerializerMessagesProvider> (0x00000000ec0ad688) 
thrown [s\src\hotspot\share\classfile\systemDictionary.cpp, line 312]
Event: 6.060 Thread 0x000001ae7adf9e00 Exception <a 'java/lang/ClassNotFoundException'{0x00000000ec0c7768}: com/sun/org/apache/xerces/internal/impl/msg/spi/XMLMessagesProvider> (0x00000000ec0c7768) 
thrown [s\src\hotspot\share\classfile\systemDictionary.cpp, line 312]
Event: 6.238 Thread 0x000001ae7adf9e00 Exception <a 'java/lang/ClassNotFoundException'{0x00000000eb1d6780}: com/sun/org/apache/xml/internal/serializer/spi/XMLEntitiesProvider> (0x00000000eb1d6780) 
thrown [s\src\hotspot\share\classfile\systemDictionary.cpp, line 312]
Event: 6.305 Thread 0x000001ae7a862740 Exception <a 'java/lang/NoSuchMethodError'{0x00000000eb4330c8}: 'java.lang.Object java.lang.invoke.DirectMethodHandle$Holder.invokeSpecialIFC(java.lang.Object, java.lang.Object, java.lang.Object, java.lang.Object)'> (0x00000000eb4330c8) 
thrown [s\src\hotspot\share\interpreter\linkResolver.cpp, line 773]
Event: 6.414 Thread 0x000001ae7adf9e00 Exception <a 'java/io/FileNotFoundException'{0x00000000ebaee6a0}> (0x00000000ebaee6a0) 
thrown [s\src\hotspot\share\prims\jni.cpp, line 520]
Event: 6.435 Thread 0x000001ae7adf9e00 Exception <a 'java/lang/UnsatisfiedLinkError'{0x00000000ebd6a8f0}: 找不到指定的程序。
> (0x00000000ebd6a8f0) 
thrown [s\src\hotspot\share\prims\jni.cpp, line 539]
Event: 6.440 Thread 0x000001ae7adf9e00 Exception <a 'java/io/FileNotFoundException'{0x00000000ebe5eec8}> (0x00000000ebe5eec8) 
thrown [s\src\hotspot\share\prims\jni.cpp, line 520]
Event: 6.458 Thread 0x000001ae7adf9e00 Exception <a 'java/io/FileNotFoundException'{0x00000000ebf4e338}> (0x00000000ebf4e338) 
thrown [s\src\hotspot\share\prims\jni.cpp, line 520]
Event: 6.467 Thread 0x000001ae7adf9e00 Exception <a 'java/lang/UnsatisfiedLinkError'{0x00000000ebf801b8}: 找不到指定的程序。
> (0x00000000ebf801b8) 
thrown [s\src\hotspot\share\prims\jni.cpp, line 539]
Event: 7.108 Thread 0x000001ae7a862740 Exception <a 'java/lang/NoClassDefFoundError'{0x00000000eb565f38}: javax/enterprise/inject/Typed> (0x00000000eb565f38) 
thrown [s\src\hotspot\share\classfile\systemDictionary.cpp, line 301]
Event: 7.155 Thread 0x000001ae7adf9e00 Exception <a 'java/lang/UnsatisfiedLinkError'{0x00000000eb78c200}: 找不到指定的程序。
> (0x00000000eb78c200) 
thrown [s\src\hotspot\share\prims\jni.cpp, line 539]
Event: 7.166 Thread 0x000001ae7a860d00 Implicit null exception at 0x000001ae284dd531 to 0x000001ae284dd619

ZGC Phase Switch (0 events):
No events

VM Operations (20 events):
Event: 5.800 Executing VM operation: ParallelGCFailedAllocation (Allocation Failure)
Event: 5.802 Executing VM operation: ParallelGCFailedAllocation (Allocation Failure) done
Event: 5.989 Executing VM operation: HandshakeAllThreads (Deoptimize)
Event: 5.989 Executing VM operation: HandshakeAllThreads (Deoptimize) done
Event: 6.083 Executing VM operation: ParallelGCFailedAllocation (Allocation Failure)
Event: 6.086 Executing VM operation: ParallelGCFailedAllocation (Allocation Failure) done
Event: 6.114 Executing VM operation: HandshakeAllThreads (Deoptimize)
Event: 6.114 Executing VM operation: HandshakeAllThreads (Deoptimize) done
Event: 6.235 Executing VM operation: HandshakeAllThreads (Deoptimize)
Event: 6.236 Executing VM operation: HandshakeAllThreads (Deoptimize) done
Event: 6.236 Executing VM operation: HandshakeAllThreads (Deoptimize)
Event: 6.236 Executing VM operation: HandshakeAllThreads (Deoptimize) done
Event: 6.241 Executing VM operation: HandshakeAllThreads (Deoptimize)
Event: 6.242 Executing VM operation: HandshakeAllThreads (Deoptimize) done
Event: 6.254 Executing VM operation: HandshakeAllThreads (Deoptimize)
Event: 6.254 Executing VM operation: HandshakeAllThreads (Deoptimize) done
Event: 6.487 Executing VM operation: ParallelGCFailedAllocation (Allocation Failure)
Event: 6.490 Executing VM operation: ParallelGCFailedAllocation (Allocation Failure) done
Event: 6.690 Executing VM operation: HandshakeAllThreads (Deoptimize)
Event: 7.059 Executing VM operation: HandshakeAllThreads (Deoptimize) done

Memory protections (0 events):
No events

Nmethod flushes (0 events):
No events

Events (20 events):
Event: 4.144 Thread 0x000001ae7adf9e00 Thread added: 0x000001ae7a862740
Event: 4.165 Thread 0x000001ae7adf9e00 Thread added: 0x000001ae7a861a20
Event: 4.166 Thread 0x000001ae73f91a60 Thread added: 0x000001ae73f99cb0
Event: 4.310 Thread 0x000001ae73f99cb0 Thread exited: 0x000001ae73f99cb0
Event: 4.384 Thread 0x000001ae73f9a380 Thread added: 0x000001ae73f98170
Event: 4.633 Thread 0x000001ae73f9a380 Thread added: 0x000001ae73f9aa50
Event: 5.036 Thread 0x000001ae73f9aa50 Thread exited: 0x000001ae73f9aa50
Event: 5.374 Thread 0x000001ae73f9a380 Thread added: 0x000001ae73f9b120
Event: 5.546 Thread 0x000001ae73f9b120 Thread exited: 0x000001ae73f9b120
Event: 5.561 Thread 0x000001ae73f98170 Thread exited: 0x000001ae73f98170
Event: 5.795 Thread 0x000001ae73f91a60 Thread added: 0x000001ae73f995e0
Event: 5.795 Thread 0x000001ae73f91a60 Thread added: 0x000001ae73f9aa50
Event: 6.083 Thread 0x000001ae7adf9e00 Thread added: 0x000001ae7a8620b0
Event: 6.266 Thread 0x000001ae1d5cabc0 Thread added: 0x000001ae73f98170
Event: 6.423 Thread 0x000001ae7a861a20 Thread added: 0x000001ae7a860d00
Event: 7.135 Thread 0x000001ae73f9a380 Thread added: 0x000001ae73f9b7f0
Event: 7.149 Thread 0x000001ae73f98f10 Thread added: 0x000001ae73f9b120
Event: 7.149 Thread 0x000001ae73f98f10 Thread added: 0x000001ae73f98840
Event: 7.149 Thread 0x000001ae73f98f10 Thread added: 0x000001ae73f99cb0
Event: 7.196 Thread 0x000001ae7a861a20 Thread added: 0x000001ae7a863460


Dynamic libraries:
0x00007ff61e740000 - 0x00007ff61e74e000 	c:\Users\86132\.trae\extensions\redhat.java-1.42.0-win32-x64\jre\21.0.7-win32-x86_64\bin\java.exe
0x00007ffa5ccb0000 - 0x00007ffa5cec7000 	C:\WINDOWS\SYSTEM32\ntdll.dll
0x00007ffa5ab20000 - 0x00007ffa5abe4000 	C:\WINDOWS\System32\KERNEL32.DLL
0x00007ffa5a1d0000 - 0x00007ffa5a5a2000 	C:\WINDOWS\System32\KERNELBASE.dll
0x00007ffa5a820000 - 0x00007ffa5a931000 	C:\WINDOWS\System32\ucrtbase.dll
0x00007ffa16100000 - 0x00007ffa16118000 	c:\Users\86132\.trae\extensions\redhat.java-1.42.0-win32-x64\jre\21.0.7-win32-x86_64\bin\jli.dll
0x00007ffa160c0000 - 0x00007ffa160de000 	c:\Users\86132\.trae\extensions\redhat.java-1.42.0-win32-x64\jre\21.0.7-win32-x86_64\bin\VCRUNTIME140.dll
0x00007ffa5af90000 - 0x00007ffa5b141000 	C:\WINDOWS\System32\USER32.dll
0x00007ffa59f80000 - 0x00007ffa59fa6000 	C:\WINDOWS\System32\win32u.dll
0x00007ffa41e60000 - 0x00007ffa420fb000 	C:\WINDOWS\WinSxS\amd64_microsoft.windows.common-controls_6595b64144ccf1df_6.0.22621.5415_none_270d77d17387d7da\COMCTL32.dll
0x00007ffa5c420000 - 0x00007ffa5c449000 	C:\WINDOWS\System32\GDI32.dll
0x00007ffa5ada0000 - 0x00007ffa5ae47000 	C:\WINDOWS\System32\msvcrt.dll
0x00007ffa5a5b0000 - 0x00007ffa5a6d3000 	C:\WINDOWS\System32\gdi32full.dll
0x00007ffa59da0000 - 0x00007ffa59e3a000 	C:\WINDOWS\System32\msvcp_win.dll
0x00007ffa5aae0000 - 0x00007ffa5ab11000 	C:\WINDOWS\System32\IMM32.DLL
0x00007ffa42290000 - 0x00007ffa4229c000 	c:\Users\86132\.trae\extensions\redhat.java-1.42.0-win32-x64\jre\21.0.7-win32-x86_64\bin\vcruntime140_1.dll
0x00007ff9e5c10000 - 0x00007ff9e5c9d000 	c:\Users\86132\.trae\extensions\redhat.java-1.42.0-win32-x64\jre\21.0.7-win32-x86_64\bin\msvcp140.dll
0x00007ff99bea0000 - 0x00007ff99cc30000 	c:\Users\86132\.trae\extensions\redhat.java-1.42.0-win32-x64\jre\21.0.7-win32-x86_64\bin\server\jvm.dll
0x00007ffa5bed0000 - 0x00007ffa5bf81000 	C:\WINDOWS\System32\ADVAPI32.dll
0x00007ffa5ae60000 - 0x00007ffa5af08000 	C:\WINDOWS\System32\sechost.dll
0x00007ffa5a120000 - 0x00007ffa5a148000 	C:\WINDOWS\System32\bcrypt.dll
0x00007ffa5b3e0000 - 0x00007ffa5b4f4000 	C:\WINDOWS\System32\RPCRT4.dll
0x00007ffa5b150000 - 0x00007ffa5b1c1000 	C:\WINDOWS\System32\WS2_32.dll
0x00007ffa59ac0000 - 0x00007ffa59b0d000 	C:\WINDOWS\SYSTEM32\POWRPROF.dll
0x00007ffa51f10000 - 0x00007ffa51f1a000 	C:\WINDOWS\SYSTEM32\VERSION.dll
0x00007ffa54070000 - 0x00007ffa540a4000 	C:\WINDOWS\SYSTEM32\WINMM.dll
0x00007ffa59aa0000 - 0x00007ffa59ab3000 	C:\WINDOWS\SYSTEM32\UMPDC.dll
0x00007ffa58dd0000 - 0x00007ffa58de8000 	C:\WINDOWS\SYSTEM32\kernel.appcore.dll
0x00007ffa3b2d0000 - 0x00007ffa3b2da000 	c:\Users\86132\.trae\extensions\redhat.java-1.42.0-win32-x64\jre\21.0.7-win32-x86_64\bin\jimage.dll
0x00007ffa57700000 - 0x00007ffa57933000 	C:\WINDOWS\SYSTEM32\DBGHELP.DLL
0x00007ffa5c080000 - 0x00007ffa5c413000 	C:\WINDOWS\System32\combase.dll
0x00007ffa5b1d0000 - 0x00007ffa5b2a7000 	C:\WINDOWS\System32\OLEAUT32.dll
0x00007ffa3d850000 - 0x00007ffa3d882000 	C:\WINDOWS\SYSTEM32\dbgcore.DLL
0x00007ffa5a150000 - 0x00007ffa5a1cb000 	C:\WINDOWS\System32\bcryptPrimitives.dll
0x00007ffa281a0000 - 0x00007ffa281af000 	c:\Users\86132\.trae\extensions\redhat.java-1.42.0-win32-x64\jre\21.0.7-win32-x86_64\bin\instrument.dll
0x00007ffa045f0000 - 0x00007ffa0460f000 	c:\Users\86132\.trae\extensions\redhat.java-1.42.0-win32-x64\jre\21.0.7-win32-x86_64\bin\java.dll
0x00007ffa5b500000 - 0x00007ffa5bda2000 	C:\WINDOWS\System32\SHELL32.dll
0x00007ffa5a6e0000 - 0x00007ffa5a81f000 	C:\WINDOWS\System32\wintypes.dll
0x00007ffa57cd0000 - 0x00007ffa585ee000 	C:\WINDOWS\SYSTEM32\windows.storage.dll
0x00007ffa5c6e0000 - 0x00007ffa5c7eb000 	C:\WINDOWS\System32\SHCORE.dll
0x00007ffa5af20000 - 0x00007ffa5af89000 	C:\WINDOWS\System32\shlwapi.dll
0x00007ffa59cd0000 - 0x00007ffa59cfb000 	C:\WINDOWS\SYSTEM32\profapi.dll
0x00007ffa03320000 - 0x00007ffa03338000 	c:\Users\86132\.trae\extensions\redhat.java-1.42.0-win32-x64\jre\21.0.7-win32-x86_64\bin\zip.dll
0x00007ffa265d0000 - 0x00007ffa265e0000 	C:\Users\86132\.trae\extensions\redhat.java-1.42.0-win32-x64\jre\21.0.7-win32-x86_64\bin\net.dll
0x00007ffa55990000 - 0x00007ffa55abc000 	C:\WINDOWS\SYSTEM32\WINHTTP.dll
0x00007ffa59250000 - 0x00007ffa592b9000 	C:\WINDOWS\system32\mswsock.dll
0x00007ffa03300000 - 0x00007ffa03316000 	C:\Users\86132\.trae\extensions\redhat.java-1.42.0-win32-x64\jre\21.0.7-win32-x86_64\bin\nio.dll
0x00007ffa25f80000 - 0x00007ffa25f90000 	c:\Users\86132\.trae\extensions\redhat.java-1.42.0-win32-x64\jre\21.0.7-win32-x86_64\bin\verify.dll
0x00007ff9eaeb0000 - 0x00007ff9eaef5000 	C:\Users\86132\AppData\Roaming\Trae\User\globalStorage\redhat.java\1.42.0\config_win\org.eclipse.equinox.launcher\org.eclipse.equinox.launcher.win32.win32.x86_64_1.2.1300.v20250331-1702\eclipse_11911.dll
0x00007ffa5a940000 - 0x00007ffa5aae0000 	C:\WINDOWS\System32\ole32.dll
0x00007ffa594a0000 - 0x00007ffa594bb000 	C:\WINDOWS\SYSTEM32\CRYPTSP.dll
0x00007ffa58d30000 - 0x00007ffa58d67000 	C:\WINDOWS\system32\rsaenh.dll
0x00007ffa59340000 - 0x00007ffa59368000 	C:\WINDOWS\SYSTEM32\USERENV.dll
0x00007ffa594c0000 - 0x00007ffa594cc000 	C:\WINDOWS\SYSTEM32\CRYPTBASE.dll
0x00007ffa58850000 - 0x00007ffa5887d000 	C:\WINDOWS\SYSTEM32\IPHLPAPI.DLL
0x00007ffa5bec0000 - 0x00007ffa5bec9000 	C:\WINDOWS\System32\NSI.dll
0x00007ff9e8ad0000 - 0x00007ff9e8b19000 	C:\Users\86132\AppData\Local\Temp\jna-53374610\jna5589452328845088088.dll
0x00007ffa5ae50000 - 0x00007ffa5ae58000 	C:\WINDOWS\System32\PSAPI.DLL
0x00007ffa54700000 - 0x00007ffa54719000 	C:\WINDOWS\SYSTEM32\dhcpcsvc6.DLL
0x00007ffa544a0000 - 0x00007ffa544bf000 	C:\WINDOWS\SYSTEM32\dhcpcsvc.DLL

dbghelp: loaded successfully - version: 4.0.5 - missing functions: none
symbol engine: initialized successfully - sym options: 0x614 - pdb path: .;c:\Users\86132\.trae\extensions\redhat.java-1.42.0-win32-x64\jre\21.0.7-win32-x86_64\bin;C:\WINDOWS\SYSTEM32;C:\WINDOWS\WinSxS\amd64_microsoft.windows.common-controls_6595b64144ccf1df_6.0.22621.5415_none_270d77d17387d7da;c:\Users\86132\.trae\extensions\redhat.java-1.42.0-win32-x64\jre\21.0.7-win32-x86_64\bin\server;C:\Users\86132\AppData\Roaming\Trae\User\globalStorage\redhat.java\1.42.0\config_win\org.eclipse.equinox.launcher\org.eclipse.equinox.launcher.win32.win32.x86_64_1.2.1300.v20250331-1702;C:\Users\86132\AppData\Local\Temp\jna-53374610

VM Arguments:
jvm_args: --add-modules=ALL-SYSTEM --add-opens=java.base/java.util=ALL-UNNAMED --add-opens=java.base/java.lang=ALL-UNNAMED --add-opens=java.base/sun.nio.fs=ALL-UNNAMED -Declipse.application=org.eclipse.jdt.ls.core.id1 -Dosgi.bundles.defaultStartLevel=4 -Declipse.product=org.eclipse.jdt.ls.core.product -Djava.import.generatesMetadataFilesAtProjectRoot=false -DDetectVMInstallationsJob.disabled=true -Dfile.encoding=utf8 -XX:+UseParallelGC -XX:GCTimeRatio=4 -XX:AdaptiveSizePolicyWeight=90 -Dsun.zip.disableMemoryMapping=true -Xmx1G -Xms100m -Xlog:disable -javaagent:c:\Users\86132\.trae\extensions\redhat.java-1.42.0-win32-x64\lombok\lombok-1.18.36.jar -XX:+HeapDumpOnOutOfMemoryError -XX:HeapDumpPath=c:\Users\86132\AppData\Roaming\Trae\User\workspaceStorage\69ab96e95062cad7a1d354ab2484e62f\redhat.java -Daether.dependencyCollector.impl=bf 
java_command: c:\Users\86132\.trae\extensions\redhat.java-1.42.0-win32-x64\server\plugins\org.eclipse.equinox.launcher_1.7.0.v20250424-1814.jar -configuration c:\Users\86132\AppData\Roaming\Trae\User\globalStorage\redhat.java\1.42.0\config_win -data c:\Users\86132\AppData\Roaming\Trae\User\workspaceStorage\69ab96e95062cad7a1d354ab2484e62f\redhat.java\jdt_ws --pipe=\\.\pipe\lsp-866364ac360eb37dbd33c9712706d6e1-sock
java_class_path (initial): c:\Users\86132\.trae\extensions\redhat.java-1.42.0-win32-x64\server\plugins\org.eclipse.equinox.launcher_1.7.0.v20250424-1814.jar
Launcher Type: SUN_STANDARD

[Global flags]
    uintx AdaptiveSizePolicyWeight                 = 90                                        {product} {command line}
     intx CICompilerCount                          = 12                                        {product} {ergonomic}
    uintx GCTimeRatio                              = 4                                         {product} {command line}
     bool HeapDumpOnOutOfMemoryError               = true                                   {manageable} {command line}
    ccstr HeapDumpPath                             = c:\Users\86132\AppData\Roaming\Trae\User\workspaceStorage\69ab96e95062cad7a1d354ab2484e62f\redhat.java         {manageable} {command line}
   size_t InitialHeapSize                          = 104857600                                 {product} {command line}
   size_t MaxHeapSize                              = 1073741824                                {product} {command line}
   size_t MaxNewSize                               = 357564416                                 {product} {ergonomic}
   size_t MinHeapDeltaBytes                        = 524288                                    {product} {ergonomic}
   size_t MinHeapSize                              = 104857600                                 {product} {command line}
   size_t NewSize                                  = 34603008                                  {product} {ergonomic}
    uintx NonNMethodCodeHeapSize                   = 7602480                                {pd product} {ergonomic}
    uintx NonProfiledCodeHeapSize                  = 122027880                              {pd product} {ergonomic}
   size_t OldSize                                  = 70254592                                  {product} {ergonomic}
    uintx ProfiledCodeHeapSize                     = 122027880                              {pd product} {ergonomic}
    uintx ReservedCodeCacheSize                    = 251658240                              {pd product} {ergonomic}
     bool SegmentedCodeCache                       = true                                      {product} {ergonomic}
   size_t SoftMaxHeapSize                          = 1073741824                             {manageable} {ergonomic}
     bool UseCompressedOops                        = true                           {product lp64_product} {ergonomic}
     bool UseLargePagesIndividualAllocation        = false                                  {pd product} {ergonomic}
     bool UseParallelGC                            = true                                      {product} {command line}

Logging:
Log output configuration:
 #0: stdout all=off uptime,level,tags foldmultilines=false
 #1: stderr all=off uptime,level,tags foldmultilines=false

Environment Variables:
JAVA_HOME=D:\jdk-1.8
CLASSPATH=D:\test tools\apache-jmeter-5.6.3\lib\ext\ApacheJMeter_core.jar;D:\test tools\apache-jmeter-5.6.3\lib\jorphan.jar;D:\test tools\apache-jmeter-5.6.3\lib/logkit-2.0.jar;
PATH=C:\Users\86132\.trae\tools\gradle\latest\bin;D:\jdk-1.8\bin;C:\Users\86132\.trae\tools\maven\latest\bin;%JAVA_HOME%\bin;C:\Program Files (x86)\Razer Chroma SDK\bin;C:\Program Files\Razer Chroma SDK\bin;C:\Program Files (x86)\Razer\ChromaBroadcast\bin;C:\Program Files\Razer\ChromaBroadcast\bin;C:\Windows\system32;C:\Windows;C:\Windows\System32\Wbem;C:\Windows\System32\WindowsPowerShell\v1.0\;C:\Windows\System32\OpenSSH\;C:\Windows\system32\config\systemprofile\AppData\Local\Microsoft\WindowsApps;C:\Program Files (x86)\NVIDIA Corporation\PhysX\Common;%SystemRoot%\system32;%SystemRoot%;%SystemRoot%\System32\Wbem;%SYSTEMROOT%\System32\WindowsPowerShell\v1.0\;%SYSTEMROOT%\System32\OpenSSH\;C:\Program Files\Bandizip\;C:\Program Files (x86)\EasyShare\x86\;C:\Program Files (x86)\EasyShare\x64\;C:\Program Files (x86)\pcsuite\;C:\Program Files\Microsoft SQL Server\Client SDK\ODBC\170\Tools\Binn\;C:\Program Files (x86)\Microsoft SQL Server\150\Tools\Binn\;C:\Program Files\Microsoft SQL Server\150\Tools\Binn\;C:\Program Files\Microsoft SQL Server\150\DTS\Binn\;C:\Program Files\Azure Data Studio\bin;C:\Program Files\dotnet\;%CATALINA_HOME%\bin;%MYSQL_HOME%\bin;C:\Program Files\NVIDIA Corporation\NVIDIA app\NvDLISR;%JMETER_HOME%\bin;%MAVEN_HOME%\bin;D:\Anaconda;D:\Anaconda\Scripts;D:\Anaconda\Library\bin;D:\Anaconda\Library\mingw-w64\bin;D:\Anaconda\Library\usr\bin;D:\Git\cmd;D:\Program Files\nodejs\node_modules\npm;D:\Program Files\nodejs\;C:\Users\86132\AppData\Roaming\Python\Python312\site-packages;D:\vivo칫\pcsuite\;d:\Trae\bin;d:\Trae CN\bin;C:\Users\86132\AppData\Local\Microsoft\WindowsApps;C:\python\PyCharm Community Edition 2022.2.3\bin;C:\Program Files (x86)\Tencent\QQGameTempest\Hall.57915\;C:\Program Files\JetBrains\IntelliJ IDEA 2023.2\bin;C:\Program Files\Azure Data Studio\bin;C:\Users\86132\AppData\Local\JetBrains\Toolbox\scripts;D:\jmeter\apache-jmeter-5.1.1;D:\Microsoft VS Code\bin;D:\node.js\node_modules\npm;C:\Users\86132\directory;D:\cursor\resources\app\bin;d:\Trae\resources\app\bin\lib
USERNAME=86132
OS=Windows_NT
PROCESSOR_IDENTIFIER=Intel64 Family 6 Model 154 Stepping 3, GenuineIntel
TMP=C:\Users\86132\AppData\Local\Temp
TEMP=C:\Users\86132\AppData\Local\Temp




Periodic native trim disabled

---------------  S Y S T E M  ---------------

OS:
 Windows 11 , 64 bit Build 22621 (10.0.22621.5415)
OS uptime: 4 days 6:35 hours

CPU: total 20 (initial active 20) (10 cores per cpu, 2 threads per core) family 6 model 154 stepping 3 microcode 0x414, cx8, cmov, fxsr, ht, mmx, 3dnowpref, sse, sse2, sse3, ssse3, sse4.1, sse4.2, popcnt, lzcnt, tsc, tscinvbit, avx, avx2, aes, erms, clmul, bmi1, bmi2, adx, sha, fma, vzeroupper, clflush, clflushopt, clwb, serialize, rdtscp, rdpid, fsrm, f16c, pku, cet_ibt, cet_ss
Processor Information for processor 0
  Max Mhz: 2500, Current Mhz: 2500, Mhz Limit: 2500
Processor Information for processor 1
  Max Mhz: 2500, Current Mhz: 2500, Mhz Limit: 2500
Processor Information for processor 2
  Max Mhz: 2500, Current Mhz: 2500, Mhz Limit: 2500
Processor Information for processor 3
  Max Mhz: 2500, Current Mhz: 2500, Mhz Limit: 2500
Processor Information for processor 4
  Max Mhz: 2500, Current Mhz: 2500, Mhz Limit: 2500
Processor Information for processor 5
  Max Mhz: 2500, Current Mhz: 2500, Mhz Limit: 2500
Processor Information for processor 6
  Max Mhz: 2500, Current Mhz: 2500, Mhz Limit: 2500
Processor Information for processor 7
  Max Mhz: 2500, Current Mhz: 2500, Mhz Limit: 2500
Processor Information for processor 8
  Max Mhz: 2500, Current Mhz: 2500, Mhz Limit: 2500
Processor Information for processor 9
  Max Mhz: 2500, Current Mhz: 2500, Mhz Limit: 2500
Processor Information for processor 10
  Max Mhz: 2500, Current Mhz: 2500, Mhz Limit: 2500
Processor Information for processor 11
  Max Mhz: 2500, Current Mhz: 2500, Mhz Limit: 2500
Processor Information for processor 12
  Max Mhz: 2500, Current Mhz: 1800, Mhz Limit: 1800
Processor Information for processor 13
  Max Mhz: 2500, Current Mhz: 1800, Mhz Limit: 1800
Processor Information for processor 14
  Max Mhz: 2500, Current Mhz: 1800, Mhz Limit: 1800
Processor Information for processor 15
  Max Mhz: 2500, Current Mhz: 1800, Mhz Limit: 1800
Processor Information for processor 16
  Max Mhz: 2500, Current Mhz: 1800, Mhz Limit: 1800
Processor Information for processor 17
  Max Mhz: 2500, Current Mhz: 1800, Mhz Limit: 1800
Processor Information for processor 18
  Max Mhz: 2500, Current Mhz: 1800, Mhz Limit: 1800
Processor Information for processor 19
  Max Mhz: 2500, Current Mhz: 1800, Mhz Limit: 1800

Memory: 4k page, system-wide physical 32508M (2539M free)
TotalPageFile size 41460M (AvailPageFile size 40M)
current process WorkingSet (physical memory assigned to process): 213M, peak: 222M
current process commit charge ("private bytes"): 328M, peak: 337M

vm_info: OpenJDK 64-Bit Server VM (21.0.7+6-LTS) for windows-amd64 JRE (21.0.7+6-LTS), built on 2025-04-15T00:00:00Z by "admin" with MS VC++ 17.7 (VS2022)

END.
